TN:
SF:/home/limuy/桌面/code/OurChat/server/base/src/types.rs
FN:6,Email::new
FN:12,<impl AsRef for Email>::as_ref
FNF:2
FNDA:0,Email::new
FNDA:0,<impl AsRef for Email>::as_ref
DA:6,0
DA:7,0
DA:12,0
DA:13,0
LF:4
LH:0
end_of_record
TN:
SF:/home/limuy/桌面/code/OurChat/server/base/src/utils.rs
FN:4,resolve_relative_path
FNF:1
FNDA:9,resolve_relative_path
DA:4,9
DA:8,18
DA:9,9
DA:11,9
DA:12,9
DA:19,5
DA:23,2
DA:29,0
DA:39,10
DA:42,1
DA:43,1
LF:11
LH:10
end_of_record
TN:
SF:/home/limuy/桌面/code/OurChat/server/derive/src/lib.rs
FN:6,db_replace
FN:26,db_compatibility
FNF:2
FNDA:0,db_replace
FNDA:0,db_compatibility
DA:6,0
DA:7,0
DA:8,0
DA:9,0
DA:10,0
DA:11,0
DA:12,0
DA:13,0
DA:20,0
DA:22,0
DA:26,0
DA:27,0
DA:29,0
DA:30,0
DA:33,0
DA:34,0
DA:36,0
DA:46,0
DA:47,0
DA:49,0
DA:50,0
LF:21
LH:0
end_of_record
TN:
SF:/home/limuy/桌面/code/OurChat/server/load_balancer/src/main.rs
FN:10,LB::new
FN:18,<impl ProxyHttp for LB>::new_ctx
FN:20,<impl ProxyHttp for LB>::upstream_peer
FN:33,<impl ProxyHttp for LB>::upstream_request_filter
FNF:4
FNDA:0,LB::new
FNDA:0,<impl ProxyHttp for LB>::new_ctx
FNDA:0,<impl ProxyHttp for LB>::upstream_peer
FNDA:0,<impl ProxyHttp for LB>::upstream_request_filter
DA:10,0
DA:18,0
DA:20,0
DA:21,0
DA:22,0
DA:23,0
DA:24,0
DA:33,0
DA:36,0
DA:47,0
DA:48,0
DA:106,0
DA:108,0
DA:109,0
DA:110,0
DA:111,0
DA:112,0
DA:126,0
DA:128,0
DA:129,0
DA:131,0
DA:132,0
DA:135,0
DA:136,0
DA:138,0
DA:139,0
DA:140,0
DA:142,0
DA:143,0
DA:144,0
DA:146,0
DA:147,0
DA:149,0
DA:150,0
DA:152,0
DA:154,0
DA:155,0
LF:37
LH:0
end_of_record
TN:
SF:/home/limuy/桌面/code/OurChat/server/migration/src/basic.rs
FN:4,create_table
FNF:1
FNDA:3,create_table
DA:4,3
DA:8,4
DA:9,0
DA:10,0
DA:12,0
DA:14,7
DA:15,2
LF:7
LH:4
end_of_record
TN:
SF:/home/limuy/桌面/code/OurChat/server/migration/src/lib.rs
FN:12,<impl MigratorTrait for Migrator>::migrations
FNF:1
FNDA:1,<impl MigratorTrait for Migrator>::migrations
DA:12,1
DA:13,1
DA:14,3
DA:15,1
LF:4
LH:4
end_of_record
TN:
SF:/home/limuy/桌面/code/OurChat/server/migration/src/m20220101_000001_create_table.rs
FN:10,<impl MigrationTrait for Migration>::up
FN:121,<impl MigrationTrait for Migration>::down
FNF:2
FNDA:3,<impl MigrationTrait for Migration>::up
FNDA:0,<impl MigrationTrait for Migration>::down
DA:10,3
DA:12,1
DA:13,15
DA:14,2
DA:16,3
DA:17,3
DA:18,3
DA:19,3
DA:20,3
DA:21,3
DA:22,3
DA:23,3
DA:24,3
DA:25,3
DA:27,11
DA:29,2
DA:30,12
DA:31,2
DA:33,2
DA:34,1
DA:35,1
DA:37,3
DA:38,1
DA:39,1
DA:42,3
DA:43,1
DA:44,1
DA:46,1
DA:48,18
DA:50,4
DA:51,24
DA:52,4
DA:54,4
DA:55,4
DA:56,4
DA:58,14
DA:60,1
DA:61,10
DA:62,1
DA:64,1
DA:65,1
DA:66,1
DA:67,1
DA:69,3
DA:70,1
DA:71,1
DA:74,3
DA:75,1
DA:76,1
DA:78,1
DA:80,16
DA:82,4
DA:83,31
DA:84,1
DA:86,3
DA:87,4
DA:88,4
DA:89,4
DA:91,12
DA:92,4
DA:93,4
DA:95,4
DA:97,23
DA:99,4
DA:100,32
DA:101,4
DA:103,4
DA:104,4
DA:106,12
DA:107,4
DA:108,4
DA:111,12
DA:112,4
DA:113,4
DA:115,4
DA:117,24
DA:118,4
DA:121,0
DA:122,0
DA:123,0
DA:124,0
DA:125,0
DA:126,0
DA:127,0
DA:128,0
DA:129,0
DA:130,0
DA:131,0
DA:132,0
DA:133,0
DA:134,0
DA:135,0
DA:136,0
DA:137,0
DA:138,0
DA:139,0
DA:140,0
LF:97
LH:77
end_of_record
TN:
SF:/home/limuy/桌面/code/OurChat/server/migration/src/m20240812_083747_server_manager.rs
FN:9,<impl MigrationTrait for Migration>::up
FN:33,<impl MigrationTrait for Migration>::down
FNF:2
FNDA:3,<impl MigrationTrait for Migration>::up
FNDA:0,<impl MigrationTrait for Migration>::down
DA:9,3
DA:11,1
DA:12,7
DA:13,1
DA:15,1
DA:16,1
DA:17,1
DA:18,1
DA:20,15
DA:22,4
DA:23,20
DA:24,4
DA:26,4
DA:27,4
DA:29,14
DA:30,1
DA:33,0
DA:34,0
DA:35,0
DA:36,0
DA:37,0
DA:38,0
DA:39,0
DA:40,0
LF:24
LH:16
end_of_record
TN:
SF:/home/limuy/桌面/code/OurChat/server/migration/src/m20240829_010832_files.rs
FN:10,<impl MigrationTrait for Migration>::up
FN:32,<impl MigrationTrait for Migration>::down
FNF:2
FNDA:12,<impl MigrationTrait for Migration>::up
FNDA:0,<impl MigrationTrait for Migration>::down
DA:10,12
DA:12,4
DA:13,40
DA:14,4
DA:16,4
DA:17,4
DA:18,4
DA:19,4
DA:20,4
DA:22,12
DA:23,4
DA:24,4
DA:26,4
DA:28,24
DA:29,4
DA:32,0
DA:33,0
DA:34,0
DA:35,0
LF:19
LH:15
end_of_record
TN:
SF:/home/limuy/桌面/code/OurChat/server/migration/src/main.rs
FN:4,main
FNF:1
FNDA:0,main
DA:4,0
DA:5,0
LF:2
LH:0
end_of_record
TN:
SF:/home/limuy/桌面/code/OurChat/server/server_manager/src/lib.rs
FN:1,lib_main
FNF:1
FNDA:1,lib_main
DA:1,1
DA:2,0
LF:2
LH:1
end_of_record
TN:
SF:/home/limuy/桌面/code/OurChat/server/server_manager/src/main.rs
FN:2,main
FNF:1
FNDA:0,main
DA:2,0
DA:3,0
LF:2
LH:0
end_of_record
TN:
SF:/home/limuy/桌面/code/OurChat/server/server_manager_gui/src/main.rs
FN:1,main
FNF:1
FNDA:1,main
DA:1,1
DA:2,0
LF:2
LH:1
end_of_record
TN:
SF:/home/limuy/桌面/code/OurChat/server/src/cmd.rs
FN:52,InstManager::new
FN:108,InstManager::get_inst
FN:112,InstManager::get_map
FN:117,exit_process
FN:125,cleanfs_process
FN:132,help_process
FN:182,gen_error_msg_template
FN:189,set_process
FN:244,get_process
FN:278,cmd_process_loop
FN:343,setup_stdin
FN:394,_CmdConnection::_new
FN:399,handle_connection
FN:404,setup_network
FNF:14
FNDA:0,InstManager::new
FNDA:0,InstManager::get_inst
FNDA:0,InstManager::get_map
FNDA:0,exit_process
FNDA:0,cleanfs_process
FNDA:0,help_process
FNDA:0,gen_error_msg_template
FNDA:0,set_process
FNDA:0,get_process
FNDA:0,cmd_process_loop
FNDA:0,setup_stdin
FNDA:0,_CmdConnection::_new
FNDA:0,handle_connection
FNDA:0,setup_network
DA:52,0
DA:53,0
DA:54,0
DA:55,0
DA:57,0
DA:58,0
DA:61,0
DA:62,0
DA:64,0
DA:65,0
DA:68,0
DA:69,0
DA:71,0
DA:72,0
DA:82,0
DA:83,0
DA:85,0
DA:86,0
DA:96,0
DA:97,0
DA:99,0
DA:100,0
DA:108,0
DA:109,0
DA:112,0
DA:113,0
DA:117,0
DA:118,0
DA:119,0
DA:120,0
DA:122,0
DA:125,0
DA:126,0
DA:127,0
DA:129,0
DA:132,0
DA:133,0
DA:134,0
DA:136,0
DA:137,0
DA:138,0
DA:140,0
DA:143,0
DA:144,0
DA:145,0
DA:146,0
DA:147,0
DA:151,0
DA:153,0
DA:154,0
DA:160,0
DA:182,0
DA:183,0
DA:189,0
DA:190,0
DA:191,0
DA:194,0
DA:195,0
DA:197,0
DA:200,0
DA:201,0
DA:203,0
DA:204,0
DA:206,0
DA:209,0
DA:211,0
DA:212,0
DA:213,0
DA:215,0
DA:219,0
DA:220,0
DA:221,0
DA:223,0
DA:228,0
DA:229,0
DA:231,0
DA:234,0
DA:235,0
DA:237,0
DA:241,0
DA:244,0
DA:245,0
DA:246,0
DA:249,0
DA:250,0
DA:252,0
DA:255,0
DA:256,0
DA:258,0
DA:259,0
DA:261,0
DA:264,0
DA:266,0
DA:268,0
DA:270,0
DA:273,0
DA:278,0
DA:283,0
DA:284,0
DA:285,0
DA:286,0
DA:287,0
DA:288,0
DA:289,0
DA:290,0
DA:291,0
DA:294,0
DA:295,0
DA:296,0
DA:297,0
DA:298,0
DA:299,0
DA:300,0
DA:302,0
DA:304,0
DA:307,0
DA:309,0
DA:310,0
DA:317,0
DA:318,0
DA:324,0
DA:326,0
DA:327,0
DA:333,0
DA:335,0
DA:336,0
DA:337,0
DA:339,0
DA:340,0
DA:343,0
DA:347,0
DA:348,0
DA:349,0
DA:350,0
DA:351,0
DA:353,0
DA:354,0
DA:355,0
DA:357,0
DA:361,0
DA:363,0
DA:366,0
DA:367,0
DA:368,0
DA:370,0
DA:372,0
DA:373,0
DA:374,0
DA:379,0
DA:381,0
DA:385,0
DA:386,0
DA:394,0
DA:399,0
DA:400,0
DA:404,0
DA:409,0
DA:410,0
DA:411,0
DA:412,0
DA:413,0
DA:414,0
DA:417,0
DA:419,0
DA:420,0
DA:424,0
DA:425,0
DA:426,0
DA:428,0
DA:429,0
LF:170
LH:0
end_of_record
TN:
SF:/home/limuy/桌面/code/OurChat/server/src/connection/basic.rs
FN:6,Connection::send_error_msg
FNF:1
FNDA:2,Connection::send_error_msg
DA:6,2
DA:13,4
DA:14,4
DA:15,4
DA:16,4
DA:17,2
LF:6
LH:6
end_of_record
TN:
SF:/home/limuy/桌面/code/OurChat/server/src/connection/client_response/error_msg.rs
FN:11,ErrorMsgResponse::new
FNF:1
FNDA:2,ErrorMsgResponse::new
DA:11,2
LF:1
LH:1
end_of_record
TN:
SF:/home/limuy/桌面/code/OurChat/server/src/connection/client_response/login.rs
FN:17,LoginResponse::success_email
FN:25,LoginResponse::success_ocid
FN:33,LoginResponse::failed
FNF:3
FNDA:3,LoginResponse::success_email
FNDA:1,LoginResponse::success_ocid
FNDA:0,LoginResponse::failed
DA:13,0
DA:17,3
DA:20,3
DA:25,1
DA:33,0
LF:5
LH:3
end_of_record
TN:
SF:/home/limuy/桌面/code/OurChat/server/src/connection/client_response/new_session.rs
FN:15,NewSessionResponse::success
FN:23,NewSessionResponse::failed
FNF:2
FNDA:0,NewSessionResponse::success
FNDA:0,NewSessionResponse::failed
DA:15,0
DA:19,0
DA:23,0
LF:3
LH:0
end_of_record
TN:
SF:/home/limuy/桌面/code/OurChat/server/src/connection/client_response/register.rs
FN:13,RegisterResponse::success
FN:21,RegisterResponse::failed
FNF:2
FNDA:2,RegisterResponse::success
FNDA:0,RegisterResponse::failed
DA:13,2
DA:16,2
DA:21,0
LF:3
LH:2
end_of_record
TN:
SF:/home/limuy/桌面/code/OurChat/server/src/connection/client_response/unregister.rs
FN:13,UnregisterResponse::new
FNF:1
FNDA:2,UnregisterResponse::new
DA:13,2
LF:1
LH:1
end_of_record
TN:
SF:/home/limuy/桌面/code/OurChat/server/src/connection/client_response/upload.rs
FN:15,UploadResponse::success
FN:24,UploadResponse::limited
FNF:2
FNDA:0,UploadResponse::success
FNDA:0,UploadResponse::limited
DA:15,0
DA:18,0
DA:19,0
DA:24,0
LF:4
LH:0
end_of_record
TN:
SF:/home/limuy/桌面/code/OurChat/server/src/connection/process/upload.rs
FN:16,generate_key_name
FN:22,Connection::upload
FNF:2
FNDA:0,generate_key_name
FNDA:0,Connection::upload
DA:16,0
DA:17,0
DA:18,0
DA:22,0
DA:28,0
DA:31,0
DA:34,0
DA:35,0
DA:36,0
DA:38,0
DA:39,0
DA:40,0
DA:41,0
DA:42,0
DA:43,0
DA:44,0
DA:46,0
DA:49,0
LF:18
LH:0
end_of_record
TN:
SF:/home/limuy/桌面/code/OurChat/server/src/connection/process/verify.rs
FN:5,generate_token
FNF:1
FNDA:0,generate_token
DA:5,0
DA:6,0
LF:2
LH:0
end_of_record
TN:
SF:/home/limuy/桌面/code/OurChat/server/src/connection/process.rs
FN:15,Connection::unregister
FN:35,Connection::new_session
FNF:2
FNDA:1,Connection::unregister
FNDA:0,Connection::new_session
DA:15,1
DA:20,3
DA:23,1
DA:25,3
DA:26,5
DA:27,2
DA:28,7
DA:29,3
DA:30,6
DA:31,3
DA:32,2
DA:35,0
DA:41,0
DA:44,0
DA:46,0
DA:47,0
DA:48,0
DA:49,0
DA:50,0
DA:51,0
DA:52,0
LF:21
LH:11
end_of_record
TN:
SF:/home/limuy/桌面/code/OurChat/server/src/connection.rs
FN:79,Connection::new
FN:96,Connection::login_request
FN:119,Connection::register_request
FN:142,Connection::low_level_action
FN:185,Connection::verify
FN:285,Connection::read_loop
FN:429,Connection::write_loop
FN:451,Connection::maintaining
FN:490,Connection::work
FNF:9
FNDA:4,Connection::new
FNDA:2,Connection::login_request
FNDA:4,Connection::register_request
FNDA:4,Connection::low_level_action
FNDA:4,Connection::verify
FNDA:4,Connection::read_loop
FNDA:4,Connection::write_loop
FNDA:0,Connection::maintaining
FNDA:8,Connection::work
DA:79,4
DA:87,4
DA:88,4
DA:96,2
DA:100,4
DA:103,2
DA:105,4
DA:106,6
DA:107,2
DA:108,3
DA:109,2
DA:111,0
DA:112,0
DA:113,0
DA:119,4
DA:123,8
DA:126,4
DA:128,8
DA:129,10
DA:130,5
DA:131,5
DA:132,3
DA:134,0
DA:135,0
DA:136,0
DA:142,4
DA:148,4
DA:150,2
DA:153,0
DA:154,0
DA:155,0
DA:158,0
DA:159,0
DA:160,0
DA:162,0
DA:163,0
DA:164,0
DA:166,0
DA:167,0
DA:168,0
DA:169,0
DA:170,0
DA:171,0
DA:172,0
DA:175,0
DA:178,4
DA:185,4
DA:192,4
DA:193,16
DA:195,0
DA:197,4
DA:198,4
DA:199,0
DA:202,4
DA:203,4
DA:204,8
DA:206,8
DA:207,4
DA:208,8
DA:209,12
DA:211,10
DA:212,4
DA:213,4
DA:217,6
DA:218,12
DA:222,4
DA:224,7
DA:226,0
DA:227,0
DA:229,4
DA:230,8
DA:231,4
DA:233,6
DA:237,4
DA:239,16
DA:241,0
DA:244,4
DA:246,4
DA:248,7
DA:251,8
DA:253,14
DA:256,0
DA:257,0
DA:262,12
DA:263,3
DA:265,3
DA:272,0
DA:276,2
DA:279,0
DA:285,4
DA:294,3
DA:295,0
DA:296,0
DA:298,11
DA:299,4
DA:300,20
DA:301,8
DA:304,4
DA:305,4
DA:306,4
DA:307,20
DA:308,4
DA:310,0
DA:312,4
DA:313,1
DA:314,2
DA:315,2
DA:316,1
DA:317,2
DA:318,1
DA:319,0
DA:321,0
DA:324,0
DA:326,1
DA:327,2
DA:328,1
DA:331,0
DA:332,0
DA:334,0
DA:339,1
DA:341,1
DA:342,1
DA:344,4
DA:346,3
DA:349,1
DA:351,4
DA:352,1
DA:355,0
DA:358,0
DA:361,0
DA:363,0
DA:364,0
DA:368,0
DA:371,0
DA:374,0
DA:377,0
DA:378,0
DA:380,0
DA:381,0
DA:382,0
DA:383,0
DA:385,0
DA:386,0
DA:387,0
DA:388,0
DA:393,0
DA:394,0
DA:396,0
DA:402,0
DA:407,0
DA:410,0
DA:418,20
DA:419,4
DA:421,24
DA:429,4
DA:434,12
DA:435,24
DA:436,20
DA:437,16
DA:438,20
DA:440,8
DA:441,4
DA:443,0
DA:451,0
DA:452,0
DA:453,0
DA:454,0
DA:455,0
DA:456,0
DA:457,0
DA:458,0
DA:459,0
DA:460,0
DA:461,0
DA:462,0
DA:463,0
DA:464,0
DA:465,0
DA:466,0
DA:469,0
DA:472,0
DA:476,0
DA:479,0
DA:483,0
DA:486,0
DA:490,8
DA:491,12
DA:492,8
DA:493,8
DA:495,12
DA:497,8
DA:498,0
DA:499,0
DA:501,8
DA:502,8
DA:503,12
DA:504,4
DA:505,4
DA:506,4
DA:508,21
DA:533,3
DA:535,1
DA:536,3
DA:537,3
DA:538,3
DA:539,4
DA:541,15
DA:542,4
LF:208
LH:118
end_of_record
TN:
SF:/home/limuy/桌面/code/OurChat/server/src/consts.rs
FN:37,default_ip
FN:60,<impl From for ID>::from
FN:66,<impl From for i64>::from
FN:72,<impl From for u64>::from
FNF:4
FNDA:0,default_ip
FNDA:2,<impl From for ID>::from
FNDA:2,<impl From for i64>::from
FNDA:0,<impl From for u64>::from
DA:37,0
DA:38,0
DA:51,0
DA:54,0
DA:60,2
DA:61,2
DA:66,2
DA:72,0
DA:115,4
DA:116,4
DA:121,4
DA:122,7
DA:139,2
DA:141,2
DA:143,2
DA:156,4
DA:157,2
DA:158,0
DA:159,0
DA:160,6
DA:161,0
DA:162,2
DA:169,5
DA:170,5
DA:171,5
DA:172,0
DA:174,10
DA:175,5
DA:176,5
DA:177,0
DA:178,0
DA:179,0
DA:181,15
DA:182,5
DA:183,0
DA:185,0
DA:186,0
DA:187,0
DA:189,3
DA:190,1
DA:191,0
DA:193,0
DA:196,0
DA:197,0
DA:198,0
DA:205,0
DA:206,0
DA:207,0
DA:208,0
DA:209,0
DA:210,0
DA:211,0
DA:217,1
DA:221,2
DA:226,5
DA:230,5
DA:231,10
DA:235,11
DA:236,11
DA:241,0
DA:244,0
LF:61
LH:31
end_of_record
TN:
SF:/home/limuy/桌面/code/OurChat/server/src/db/file_storage.rs
FN:19,FileSys::new
FN:25,FileSys::init
FN:31,FileSys::start
FN:46,clean_files
FN:74,auto_clean_files
FN:104,add_file
FNF:6
FNDA:4,FileSys::new
FNDA:4,FileSys::init
FNDA:4,FileSys::start
FNDA:0,clean_files
FNDA:4,auto_clean_files
FNDA:0,add_file
DA:19,4
DA:21,4
DA:25,4
DA:26,4
DA:27,0
DA:31,4
DA:32,4
DA:33,8
DA:34,4
DA:35,8
DA:36,14
DA:37,2
DA:38,2
DA:46,0
DA:49,0
DA:51,0
DA:52,0
DA:53,0
DA:54,0
DA:55,0
DA:56,0
DA:57,0
DA:59,0
DA:60,0
DA:64,0
DA:65,0
DA:66,0
DA:67,0
DA:68,0
DA:69,0
DA:74,4
DA:76,6
DA:77,9
DA:78,0
DA:80,0
DA:81,0
DA:104,0
DA:105,0
DA:107,0
DA:108,0
DA:109,0
DA:110,0
DA:111,0
DA:113,0
DA:114,0
DA:115,0
DA:116,0
LF:47
LH:15
end_of_record
TN:
SF:/home/limuy/桌面/code/OurChat/server/src/db.rs
FN:29,<impl DbCfgTrait for MysqlDbCfg>::url
FN:43,SqliteDbCfg::convert_to_abs_path
FN:50,<impl DbCfgTrait for SqliteDbCfg>::url
FN:73,<impl Default for DbType>::default
FN:83,init_db_system
FN:95,get_db_type
FN:106,get_db_url
FN:132,try_create_sqlite_db
FN:156,try_create_mysql_db
FN:183,connect_to_db
FN:193,init_db
FN:207,get_redis_url
FN:220,connect_to_redis
FNF:13
FNDA:0,<impl DbCfgTrait for MysqlDbCfg>::url
FNDA:4,SqliteDbCfg::convert_to_abs_path
FNDA:4,<impl DbCfgTrait for SqliteDbCfg>::url
FNDA:0,<impl Default for DbType>::default
FNDA:2,init_db_system
FNDA:4,get_db_type
FNDA:4,get_db_url
FNDA:16,try_create_sqlite_db
FNDA:0,try_create_mysql_db
FNDA:16,connect_to_db
FNDA:8,init_db
FNDA:2,get_redis_url
FNDA:8,connect_to_redis
DA:29,0
DA:30,0
DA:43,4
DA:44,8
DA:45,4
DA:50,4
DA:51,8
DA:73,0
DA:83,2
DA:84,14
DA:85,2
DA:86,8
DA:87,1
DA:88,0
DA:89,1
DA:91,1
DA:95,4
DA:96,4
DA:97,4
DA:99,0
DA:100,0
DA:106,4
DA:107,4
DA:108,4
DA:110,0
DA:111,0
DA:113,0
DA:114,0
DA:117,0
DA:120,4
DA:121,4
DA:123,0
DA:124,0
DA:127,4
DA:132,16
DA:134,4
DA:135,10
DA:136,24
DA:137,10
DA:139,12
DA:140,2
DA:142,0
DA:143,0
DA:144,0
DA:148,6
DA:149,2
DA:150,7
DA:151,5
DA:153,1
DA:156,0
DA:158,0
DA:159,0
DA:160,0
DA:161,0
DA:162,0
DA:163,0
DA:164,0
DA:166,0
DA:167,0
DA:174,0
DA:175,0
DA:176,0
DA:177,0
DA:179,0
DA:183,16
DA:184,8
DA:185,24
DA:186,5
DA:187,0
DA:188,10
DA:193,8
DA:194,10
DA:195,2
DA:207,2
DA:208,5
DA:209,4
DA:211,4
DA:212,8
DA:216,2
DA:220,8
DA:221,4
DA:222,2
LF:82
LH:50
end_of_record
TN:
SF:/home/limuy/桌面/code/OurChat/server/src/entities/mysql/files.rs
FN:29,<impl Related for Entity>::to
FNF:1
FNDA:0,<impl Related for Entity>::to
DA:29,0
DA:30,0
LF:2
LH:0
end_of_record
TN:
SF:/home/limuy/桌面/code/OurChat/server/src/entities/mysql/session.rs
FN:20,<impl Related for Entity>::to
FNF:1
FNDA:0,<impl Related for Entity>::to
DA:20,0
DA:21,0
LF:2
LH:0
end_of_record
TN:
SF:/home/limuy/桌面/code/OurChat/server/src/entities/mysql/session_relation.rs
FN:42,<impl Related for Entity>::to
FNF:1
FNDA:0,<impl Related for Entity>::to
DA:36,0
DA:37,0
DA:42,0
DA:43,0
LF:4
LH:0
end_of_record
TN:
SF:/home/limuy/桌面/code/OurChat/server/src/entities/mysql/user.rs
FN:54,<impl Related for Entity>::to
FNF:1
FNDA:0,<impl Related for Entity>::to
DA:36,0
DA:37,0
DA:42,0
DA:43,0
DA:48,0
DA:49,0
DA:54,0
DA:55,0
LF:8
LH:0
end_of_record
TN:
SF:/home/limuy/桌面/code/OurChat/server/src/entities/mysql/user_chat_msg.rs
FN:36,<impl Related for Entity>::to
FNF:1
FNDA:0,<impl Related for Entity>::to
DA:30,0
DA:31,0
DA:36,0
DA:37,0
LF:4
LH:0
end_of_record
TN:
SF:/home/limuy/桌面/code/OurChat/server/src/entities/mysql/user_chat_msg_relation.rs
FN:40,<impl Related for Entity>::to
FNF:1
FNDA:0,<impl Related for Entity>::to
DA:34,0
DA:35,0
DA:40,0
DA:41,0
LF:4
LH:0
end_of_record
TN:
SF:/home/limuy/桌面/code/OurChat/server/src/entities/sqlite/files.rs
FN:29,<impl Related for Entity>::to
FNF:1
FNDA:0,<impl Related for Entity>::to
DA:29,0
DA:30,0
LF:2
LH:0
end_of_record
TN:
SF:/home/limuy/桌面/code/OurChat/server/src/entities/sqlite/session.rs
FN:20,<impl Related for Entity>::to
FNF:1
FNDA:0,<impl Related for Entity>::to
DA:20,0
DA:21,0
LF:2
LH:0
end_of_record
TN:
SF:/home/limuy/桌面/code/OurChat/server/src/entities/sqlite/session_relation.rs
FN:42,<impl Related for Entity>::to
FNF:1
FNDA:0,<impl Related for Entity>::to
DA:36,0
DA:37,0
DA:42,0
DA:43,0
LF:4
LH:0
end_of_record
TN:
SF:/home/limuy/桌面/code/OurChat/server/src/entities/sqlite/user.rs
FN:54,<impl Related for Entity>::to
FNF:1
FNDA:0,<impl Related for Entity>::to
DA:36,0
DA:37,0
DA:42,0
DA:43,0
DA:48,0
DA:49,0
DA:54,0
DA:55,0
LF:8
LH:0
end_of_record
TN:
SF:/home/limuy/桌面/code/OurChat/server/src/entities/sqlite/user_chat_msg.rs
FN:36,<impl Related for Entity>::to
FNF:1
FNDA:0,<impl Related for Entity>::to
DA:30,0
DA:31,0
DA:36,0
DA:37,0
LF:4
LH:0
end_of_record
TN:
SF:/home/limuy/桌面/code/OurChat/server/src/entities/sqlite/user_chat_msg_relation.rs
FN:40,<impl Related for Entity>::to
FNF:1
FNDA:0,<impl Related for Entity>::to
DA:34,0
DA:35,0
DA:40,0
DA:41,0
LF:4
LH:0
end_of_record
TN:
SF:/home/limuy/桌面/code/OurChat/server/src/lib.rs
FN:110,Cfg::new
FN:158,MainCfg::convert_to_abs_path
FN:187,logger_init
FN:215,clear
FN:226,cmd_start
FN:250,exit_signal
FN:289,start_server
FN:307,global_init
FN:332,build_email_client
FN:343,get_configuration
FN:367,Application::build
FN:432,Application::get_port
FN:436,Application::get_http_port
FN:440,Application::run_forever
FNF:14
FNDA:4,Cfg::new
FNDA:4,MainCfg::convert_to_abs_path
FNDA:3,logger_init
FNDA:0,clear
FNDA:0,cmd_start
FNDA:16,exit_signal
FNDA:4,start_server
FNDA:4,global_init
FNDA:0,build_email_client
FNDA:4,get_configuration
FNDA:16,Application::build
FNDA:1,Application::get_port
FNDA:1,Application::get_http_port
FNDA:15,Application::run_forever
DA:45,21
DA:110,4
DA:111,4
DA:113,12
DA:114,12
DA:116,8
DA:117,4
DA:118,8
DA:120,4
DA:123,0
DA:124,0
DA:126,0
DA:127,0
DA:130,4
DA:131,4
DA:132,4
DA:158,4
DA:159,12
DA:167,8
DA:168,4
DA:169,4
DA:173,1
DA:174,1
DA:175,1
DA:176,3
DA:178,0
DA:179,0
DA:180,0
DA:181,0
DA:182,0
DA:187,3
DA:189,2
DA:190,2
DA:191,0
DA:193,2
DA:195,2
DA:198,2
DA:199,2
DA:201,1
DA:202,1
DA:203,3
DA:205,4
DA:207,2
DA:208,2
DA:211,1
DA:215,0
DA:216,0
DA:217,0
DA:218,0
DA:219,0
DA:221,0
DA:222,0
DA:223,0
DA:226,0
DA:232,0
DA:233,0
DA:234,0
DA:235,0
DA:245,0
DA:247,0
DA:250,16
DA:251,8
DA:253,16
DA:254,12
DA:256,8
DA:258,0
DA:259,0
DA:261,0
DA:263,12
DA:264,8
DA:265,0
DA:266,0
DA:267,0
DA:269,0
DA:270,0
DA:271,0
DA:274,0
DA:276,4
DA:289,4
DA:298,8
DA:299,12
DA:300,6
DA:301,2
DA:302,8
DA:304,4
DA:307,4
DA:309,5
DA:310,1
DA:332,0
DA:334,0
DA:335,0
DA:337,0
DA:339,0
DA:343,4
DA:344,4
DA:345,0
DA:346,8
DA:349,0
DA:350,0
DA:355,12
DA:356,12
DA:359,4
DA:360,4
DA:362,8
DA:363,4
DA:367,16
DA:368,4
DA:369,4
DA:370,0
DA:374,4
DA:375,0
DA:376,4
DA:378,12
DA:379,8
DA:380,7
DA:383,1
DA:384,0
DA:385,3
DA:387,4
DA:388,10
DA:389,8
DA:391,7
DA:392,4
DA:395,1
DA:396,3
DA:397,0
DA:398,0
DA:399,0
DA:402,1
DA:403,4
DA:404,0
DA:405,0
DA:406,6
DA:407,0
DA:409,1
DA:413,1
DA:414,0
DA:415,3
DA:417,1
DA:419,1
DA:420,3
DA:421,3
DA:422,3
DA:423,1
DA:425,1
DA:427,1
DA:428,3
DA:432,1
DA:433,3
DA:436,1
DA:437,3
DA:440,15
DA:441,4
DA:442,4
DA:444,1
DA:445,4
DA:446,0
DA:450,4
DA:452,4
DA:453,4
DA:454,3
DA:455,2
DA:457,2
DA:458,10
DA:459,2
DA:460,3
DA:463,2
DA:465,14
DA:467,4
DA:468,4
DA:469,4
DA:470,2
DA:472,8
DA:475,8
DA:476,8
DA:477,4
DA:478,4
DA:479,8
DA:480,8
DA:481,4
DA:483,12
DA:485,8
DA:487,4
DA:489,4
DA:490,0
DA:491,0
DA:492,0
DA:496,0
DA:497,0
DA:498,0
DA:499,0
DA:500,0
DA:501,0
DA:502,0
DA:503,0
DA:507,0
DA:511,0
DA:512,0
DA:513,0
DA:514,0
DA:515,0
DA:516,0
DA:517,0
DA:521,0
DA:524,0
DA:525,0
DA:526,0
DA:527,0
DA:529,0
DA:530,0
DA:532,0
DA:533,0
DA:536,10
DA:537,0
DA:538,0
LF:215
LH:131
end_of_record
TN:
SF:/home/limuy/桌面/code/OurChat/server/src/main.rs
FN:6,main
FNF:1
FNDA:0,main
DA:6,0
DA:7,0
DA:8,0
DA:9,0
DA:10,0
LF:5
LH:0
end_of_record
TN:
SF:/home/limuy/桌面/code/OurChat/server/src/requests/get_status.rs
FNF:0
DA:18,0
DA:19,0
LF:2
LH:0
end_of_record
TN:
SF:/home/limuy/桌面/code/OurChat/server/src/requests/login.rs
FN:21,Login::new
FNF:1
FNDA:2,Login::new
DA:21,2
LF:1
LH:1
end_of_record
TN:
SF:/home/limuy/桌面/code/OurChat/server/src/requests/new_session.rs
FN:11,NewSession::new
FNF:1
FNDA:0,NewSession::new
DA:11,0
LF:1
LH:0
end_of_record
TN:
SF:/home/limuy/桌面/code/OurChat/server/src/requests/register.rs
FN:13,Register::new
FNF:1
FNDA:4,Register::new
DA:13,4
LF:1
LH:1
end_of_record
TN:
SF:/home/limuy/桌面/code/OurChat/server/src/requests/unregister.rs
FNF:0
DA:18,0
DA:19,0
LF:2
LH:0
end_of_record
TN:
SF:/home/limuy/桌面/code/OurChat/server/src/requests/upload.rs
FN:13,Upload::new
FNF:1
FNDA:0,Upload::new
DA:13,0
DA:16,0
LF:2
LH:0
end_of_record
TN:
SF:/home/limuy/桌面/code/OurChat/server/src/requests/verify.rs
FN:11,Verify::new
FNF:1
FNDA:0,Verify::new
DA:11,0
LF:1
LH:0
end_of_record
TN:
SF:/home/limuy/桌面/code/OurChat/server/src/server/httpserver/download.rs
FN:5,download
FNF:1
FNDA:0,download
DA:5,0
DA:6,0
DA:8,0
DA:10,0
DA:12,0
LF:5
LH:0
end_of_record
TN:
SF:/home/limuy/桌面/code/OurChat/server/src/server/httpserver/status.rs
FN:4,status
FNF:1
FNDA:3,status
DA:4,3
DA:5,5
DA:6,1
LF:3
LH:3
end_of_record
TN:
SF:/home/limuy/桌面/code/OurChat/server/src/server/httpserver/upload.rs
FN:27,FileRecord::new
FN:48,UploadManager::new
FN:54,UploadManager::add_record
FN:64,UploadManager::get_records
FN:68,UploadManager::remove_record
FN:74,upload
FNF:6
FNDA:0,FileRecord::new
FNDA:2,UploadManager::new
FNDA:2,UploadManager::add_record
FNDA:0,UploadManager::get_records
FNDA:0,UploadManager::remove_record
FNDA:0,upload
DA:27,0
DA:34,0
DA:35,0
DA:48,2
DA:50,2
DA:54,2
DA:58,3
DA:59,0
DA:61,0
DA:64,0
DA:65,0
DA:68,0
DA:69,0
DA:74,0
DA:80,0
DA:82,0
DA:84,0
DA:87,0
DA:89,0
DA:91,0
DA:93,0
DA:96,0
DA:97,0
DA:98,0
DA:100,0
DA:103,0
DA:106,0
DA:107,0
DA:108,0
DA:109,0
DA:110,0
DA:111,0
DA:112,0
DA:114,0
DA:115,0
DA:116,0
DA:117,0
DA:118,0
DA:119,0
DA:121,0
DA:123,0
DA:124,0
DA:126,0
DA:127,0
LF:44
LH:4
end_of_record
TN:
SF:/home/limuy/桌面/code/OurChat/server/src/server/httpserver/verify.rs
FN:27,verify_token
FN:48,VerifyRecord::new
FN:67,VerifyManager::new
FN:73,VerifyManager::add_record
FN:121,VerifyManager::get_records
FN:125,VerifyManager::remove_record
FN:133,config
FNF:7
FNDA:0,verify_token
FNDA:0,VerifyRecord::new
FNDA:1,VerifyManager::new
FNDA:4,VerifyManager::add_record
FNDA:0,VerifyManager::get_records
FNDA:0,VerifyManager::remove_record
FNDA:1,config
DA:27,0
DA:32,0
DA:33,0
DA:34,0
DA:35,0
DA:36,0
DA:48,0
DA:67,1
DA:69,1
DA:73,4
DA:78,4
DA:79,8
DA:80,0
DA:81,0
DA:83,0
DA:87,0
DA:88,0
DA:89,0
DA:93,0
DA:94,0
DA:97,0
DA:99,0
DA:104,0
DA:105,0
DA:107,0
DA:111,0
DA:112,0
DA:113,0
DA:115,0
DA:116,0
DA:121,0
DA:122,0
DA:125,0
DA:126,0
DA:131,2
DA:133,1
DA:134,3
LF:37
LH:8
end_of_record
TN:
SF:/home/limuy/桌面/code/OurChat/server/src/server/httpserver.rs
FNF:0
DA:27,2
DA:34,4
DA:35,4
DA:36,4
DA:37,4
DA:38,8
DA:39,3
DA:43,1
DA:44,11
DA:45,2
DA:46,6
DA:47,2
DA:48,6
DA:49,1
DA:51,2
DA:53,12
DA:54,18
DA:55,4
DA:56,0
DA:57,0
DA:59,4
DA:60,0
DA:63,0
DA:65,4
DA:66,4
DA:67,2
DA:68,2
DA:70,2
DA:71,4
DA:72,6
DA:73,4
DA:74,4
DA:76,8
DA:77,4
DA:78,4
DA:82,0
DA:88,0
DA:89,0
LF:38
LH:31
end_of_record
TN:
SF:/home/limuy/桌面/code/OurChat/server/src/server/process.rs
FN:27,Server::login
FN:88,Server::register
FN:131,Server::unregister
FN:150,Server::new_session
FN:161,Server::up_load
FN:186,compute_password_hash
FN:200,verify_password_hash
FNF:7
FNDA:0,Server::login
FNDA:0,Server::register
FNDA:2,Server::unregister
FNDA:0,Server::new_session
FNDA:0,Server::up_load
FNDA:4,compute_password_hash
FNDA:3,verify_password_hash
DA:27,0
DA:29,10
DA:30,2
DA:32,8
DA:35,5
DA:36,1
DA:38,4
DA:41,2
DA:42,2
DA:43,2
DA:44,2
DA:45,15
DA:46,6
DA:48,10
DA:51,3
DA:52,7
DA:53,3
DA:54,3
DA:55,3
DA:58,3
DA:59,2
DA:63,0
DA:66,0
DA:68,0
DA:69,0
DA:70,0
DA:72,0
DA:73,0
DA:77,2
DA:88,0
DA:90,4
DA:91,4
DA:92,18
DA:95,4
DA:96,2
DA:97,2
DA:98,2
DA:99,2
DA:100,4
DA:101,2
DA:102,2
DA:103,6
DA:105,12
DA:106,2
DA:108,2
DA:109,2
DA:111,0
DA:112,0
DA:113,0
DA:115,0
DA:116,0
DA:120,2
DA:131,2
DA:134,5
DA:135,2
DA:136,0
DA:137,0
DA:138,0
DA:141,2
DA:150,0
DA:161,0
DA:162,0
DA:164,0
DA:165,0
DA:169,0
DA:170,0
DA:171,0
DA:172,0
DA:173,0
DA:177,0
DA:178,0
DA:179,0
DA:180,0
DA:181,0
DA:182,0
DA:186,4
DA:188,4
DA:190,4
DA:191,4
DA:192,4
DA:200,3
DA:201,3
DA:202,3
DA:205,3
LF:84
LH:51
end_of_record
TN:
SF:/home/limuy/桌面/code/OurChat/server/src/server.rs
FN:27,Server::new
FN:47,Server::accept_sockets
FN:92,Server::process_db_request
FN:122,Server::handle_connection
FN:154,Server::delete
FNF:5
FNDA:4,Server::new
FNDA:2,Server::accept_sockets
FNDA:4,Server::process_db_request
FNDA:2,Server::handle_connection
FNDA:0,Server::delete
DA:27,4
DA:34,8
DA:37,4
DA:38,4
DA:40,4
DA:44,4
DA:47,2
DA:52,4
DA:53,4
DA:54,10
DA:55,12
DA:56,0
DA:58,2
DA:59,6
DA:60,4
DA:61,4
DA:62,11
DA:63,4
DA:64,4
DA:65,2
DA:66,2
DA:67,10
DA:68,4
DA:69,2
DA:71,2
DA:72,2
DA:73,2
DA:74,2
DA:77,0
DA:78,0
DA:83,3
DA:89,0
DA:92,4
DA:96,21
DA:97,6
DA:98,2
DA:99,8
DA:101,4
DA:102,14
DA:104,2
DA:105,7
DA:107,0
DA:108,0
DA:110,0
DA:111,0
DA:115,0
DA:116,0
DA:122,2
DA:130,12
DA:131,4
DA:132,0
DA:133,0
DA:138,4
DA:139,4
DA:140,4
DA:141,4
DA:142,4
DA:144,16
DA:145,4
DA:146,24
DA:148,0
DA:149,0
DA:154,0
LF:63
LH:48
end_of_record
TN:
SF:/home/limuy/桌面/code/OurChat/server/src/shared_state.rs
FN:11,get_auto_clean_duration
FN:15,set_auto_clean_duration
FN:20,get_file_save_days
FN:24,set_file_save_days
FN:32,get_maintaining
FN:37,set_maintaining
FN:49,get_user_files_store_limit
FN:53,set_user_files_store_limit
FN:58,set_friends_number_limit
FN:62,get_friends_number_limit
FNF:10
FNDA:2,get_auto_clean_duration
FNDA:3,set_auto_clean_duration
FNDA:0,get_file_save_days
FNDA:4,set_file_save_days
FNDA:4,get_maintaining
FNDA:4,set_maintaining
FNDA:0,get_user_files_store_limit
FNDA:1,set_user_files_store_limit
FNDA:2,set_friends_number_limit
FNDA:2,get_friends_number_limit
DA:11,2
DA:12,3
DA:15,3
DA:16,3
DA:17,30
DA:20,0
DA:21,0
DA:24,4
DA:25,3
DA:26,20
DA:32,4
DA:33,4
DA:34,4
DA:37,4
DA:38,4
DA:40,1
DA:41,0
DA:43,2
DA:45,6
DA:49,0
DA:50,0
DA:53,1
DA:54,3
DA:55,15
DA:58,2
DA:59,2
DA:62,2
DA:63,3
LF:28
LH:23
end_of_record
TN:
SF:/home/limuy/桌面/code/OurChat/server/src/utils.rs
FNF:0
DA:17,4
DA:18,4
DA:29,5
DA:30,5
DA:33,5
DA:34,5
DA:35,6
DA:43,0
DA:45,3
DA:46,3
DA:49,0
DA:50,0
DA:51,0
DA:52,0
DA:54,0
DA:57,6
DA:62,6
DA:63,20
LF:18
LH:12
end_of_record
TN:
SF:/home/limuy/桌面/code/OurChat/server/tests/server/helper.rs
FN:47,FakeManager::new
FN:56,FakeManager::generate_unique_name
FN:66,FakeManager::generate_unique_email
FN:81,TestUser::random
FN:115,<impl TestAppTrait for ArgsParser>::test
FN:130,TestApp::new
FN:171,TestApp::new_logined
FN:177,TestApp::establish_connection_internal
FN:199,TestApp::establish_connection
FN:206,TestApp::register
FN:226,TestApp::unregister
FN:238,TestApp::ocid_login
FN:255,TestApp::email_login
FN:273,TestApp::async_drop
FN:294,TestApp::close_connection
FN:300,<impl Drop for TestApp>::drop
FNF:16
FNDA:1,FakeManager::new
FNDA:1,FakeManager::generate_unique_name
FNDA:1,FakeManager::generate_unique_email
FNDA:4,TestUser::random
FNDA:2,<impl TestAppTrait for ArgsParser>::test
FNDA:8,TestApp::new
FNDA:8,TestApp::new_logined
FNDA:9,TestApp::establish_connection_internal
FNDA:16,TestApp::establish_connection
FNDA:16,TestApp::register
FNDA:4,TestApp::unregister
FNDA:4,TestApp::ocid_login
FNDA:8,TestApp::email_login
FNDA:4,TestApp::async_drop
FNDA:6,TestApp::close_connection
FNDA:3,<impl Drop for TestApp>::drop
DA:47,1
DA:49,1
DA:50,1
DA:51,1
DA:52,1
DA:56,1
DA:58,1
DA:59,2
DA:60,2
DA:61,1
DA:66,1
DA:68,1
DA:69,2
DA:70,2
DA:71,1
DA:78,2
DA:81,4
DA:82,4
DA:83,4
DA:86,8
DA:93,4
DA:115,2
DA:117,4
DA:118,4
DA:119,4
DA:120,4
DA:130,8
DA:131,2
DA:132,8
DA:133,8
DA:136,8
DA:137,4
DA:138,0
DA:139,0
DA:140,0
DA:142,4
DA:143,12
DA:144,4
DA:147,9
DA:148,4
DA:149,3
DA:150,10
DA:151,10
DA:154,4
DA:160,4
DA:166,8
DA:167,8
DA:168,4
DA:171,8
DA:172,5
DA:173,6
DA:174,1
DA:177,9
DA:178,2
DA:180,4
DA:181,6
DA:182,7
DA:183,4
DA:184,4
DA:187,0
DA:188,0
DA:191,0
DA:193,8
DA:194,0
DA:196,8
DA:199,16
DA:200,8
DA:201,12
DA:202,8
DA:203,4
DA:206,16
DA:208,8
DA:209,8
DA:210,4
DA:212,16
DA:213,8
DA:214,12
DA:216,12
DA:217,8
DA:218,12
DA:220,4
DA:221,4
DA:222,8
DA:223,8
DA:226,4
DA:227,2
DA:228,4
DA:229,2
DA:230,3
DA:232,4
DA:233,5
DA:234,1
DA:235,2
DA:238,4
DA:239,3
DA:241,2
DA:242,1
DA:243,1
DA:245,4
DA:246,2
DA:247,3
DA:249,3
DA:250,2
DA:252,2
DA:255,8
DA:256,6
DA:258,4
DA:259,2
DA:260,2
DA:262,8
DA:263,4
DA:264,6
DA:266,6
DA:267,4
DA:269,3
DA:270,3
DA:273,4
DA:274,4
DA:275,1
DA:276,2
DA:277,1
DA:279,5
DA:280,4
DA:282,2
DA:283,3
DA:284,1
DA:285,4
DA:288,0
DA:291,1
DA:294,6
DA:295,3
DA:300,3
DA:301,1
DA:302,0
LF:134
LH:125
end_of_record
TN:
SF:/home/limuy/桌面/code/OurChat/server/tests/server/test_login_register.rs
FN:7,failed_login
FNF:1
FNDA:8,failed_login
DA:7,8
DA:8,2
DA:9,8
DA:10,6
DA:12,8
DA:13,3
LF:6
LH:6
end_of_record
